<?xml version="1.0" encoding="UTF-8"?>
<testng-results skipped="0" failed="0" total="9" passed="9">
  <reporter-output>
  </reporter-output>
  <suite name="Default suite" duration-ms="49516" started-at="2017-04-15T08:32:39Z" finished-at="2017-04-15T08:33:29Z">
    <groups>
    </groups>
    <test name="Default test" duration-ms="49516" started-at="2017-04-15T08:32:39Z" finished-at="2017-04-15T08:33:29Z">
      <class name="testClass.ScriptForJenkins">
        <test-method status="PASS" signature="setPreCondion()[pri:0, instance:testClass.ScriptForJenkins@4883b407]" name="setPreCondion" is-config="true" duration-ms="4307" started-at="2017-04-15T14:02:39Z" finished-at="2017-04-15T14:02:44Z">
          <reporter-output>
          </reporter-output>
        </test-method> <!-- setPreCondion -->
        <test-method status="PASS" signature="home()[pri:1, instance:testClass.ScriptForJenkins@4883b407]" name="home" duration-ms="31" started-at="2017-04-15T14:02:44Z" finished-at="2017-04-15T14:02:44Z">
          <reporter-output>
          </reporter-output>
        </test-method> <!-- home -->
        <test-method status="PASS" signature="selectDate()[pri:2, instance:testClass.ScriptForJenkins@4883b407]" name="selectDate" duration-ms="3018" started-at="2017-04-15T14:02:44Z" finished-at="2017-04-15T14:02:47Z">
          <reporter-output>
          </reporter-output>
        </test-method> <!-- selectDate -->
        <test-method status="PASS" signature="selectPAX()[pri:3, instance:testClass.ScriptForJenkins@4883b407]" name="selectPAX" duration-ms="3031" started-at="2017-04-15T14:02:47Z" finished-at="2017-04-15T14:02:50Z">
          <reporter-output>
          </reporter-output>
        </test-method> <!-- selectPAX -->
        <test-method status="PASS" signature="searchFlight()[pri:4, instance:testClass.ScriptForJenkins@4883b407]" name="searchFlight" duration-ms="5013" started-at="2017-04-15T14:02:50Z" finished-at="2017-04-15T14:02:55Z">
          <reporter-output>
          </reporter-output>
        </test-method> <!-- searchFlight -->
        <test-method status="PASS" signature="PAXInfo()[pri:5, instance:testClass.ScriptForJenkins@4883b407]" name="PAXInfo" duration-ms="5013" started-at="2017-04-15T14:02:55Z" finished-at="2017-04-15T14:03:00Z">
          <reporter-output>
          </reporter-output>
        </test-method> <!-- PAXInfo -->
        <test-method status="PASS" signature="customersBaggage()[pri:6, instance:testClass.ScriptForJenkins@4883b407]" name="customersBaggage" duration-ms="5011" started-at="2017-04-15T14:03:00Z" finished-at="2017-04-15T14:03:05Z">
          <reporter-output>
          </reporter-output>
        </test-method> <!-- customersBaggage -->
        <test-method status="PASS" signature="selectSeat()[pri:7, instance:testClass.ScriptForJenkins@4883b407]" name="selectSeat" duration-ms="7022" started-at="2017-04-15T14:03:05Z" finished-at="2017-04-15T14:03:12Z">
          <reporter-output>
          </reporter-output>
        </test-method> <!-- selectSeat -->
        <test-method status="PASS" signature="tripExtras()[pri:8, instance:testClass.ScriptForJenkins@4883b407]" name="tripExtras" duration-ms="7016" started-at="2017-04-15T14:03:12Z" finished-at="2017-04-15T14:03:19Z">
          <reporter-output>
          </reporter-output>
        </test-method> <!-- tripExtras -->
        <test-method status="PASS" signature="carAndPayment()[pri:9, instance:testClass.ScriptForJenkins@4883b407]" name="carAndPayment" duration-ms="7013" started-at="2017-04-15T14:03:19Z" finished-at="2017-04-15T14:03:26Z">
          <reporter-output>
          </reporter-output>
        </test-method> <!-- carAndPayment -->
        <test-method status="FAIL" signature="closeTest()[pri:0, instance:testClass.ScriptForJenkins@4883b407]" name="closeTest" is-config="true" duration-ms="0" started-at="2017-04-15T14:03:26Z" finished-at="2017-04-15T14:03:26Z">
          <exception class="org.openqa.selenium.WebDriverException">
            <message>
              <![CDATA[org.apache.http.conn.HttpHostConnectException: Connect to localhost:28692 [localhost/127.0.0.1, localhost/0:0:0:0:0:0:0:1] failed: Connection refused: connect
Build info: version: '3.0.1', revision: '1969d75', time: '2016-10-18 09:49:13 -0700'
System info: host: 'bcslappy-Amar', ip: '192.168.43.160', os.name: 'Windows 7', os.arch: 'amd64', os.version: '6.1', java.version: '1.8.0_121'
Driver info: driver.version: RemoteWebDriver]]>
            </message>
            <full-stacktrace>
              <![CDATA[org.openqa.selenium.WebDriverException: org.apache.http.conn.HttpHostConnectException: Connect to localhost:28692 [localhost/127.0.0.1, localhost/0:0:0:0:0:0:0:1] failed: Connection refused: connect
Build info: version: '3.0.1', revision: '1969d75', time: '2016-10-18 09:49:13 -0700'
System info: host: 'bcslappy-Amar', ip: '192.168.43.160', os.name: 'Windows 7', os.arch: 'amd64', os.version: '6.1', java.version: '1.8.0_121'
Driver info: driver.version: RemoteWebDriver
	at org.openqa.selenium.remote.service.DriverCommandExecutor.execute(DriverCommandExecutor.java:91)
	at org.openqa.selenium.remote.RemoteWebDriver.execute(RemoteWebDriver.java:601)
	at org.openqa.selenium.remote.RemoteWebDriver.execute(RemoteWebDriver.java:658)
	at org.openqa.selenium.remote.RemoteWebDriver.quit(RemoteWebDriver.java:497)
	at testClass.ScriptForJenkins.closeTest(ScriptForJenkins.java:178)
	at sun.reflect.NativeMethodAccessorImpl.invoke0(Native Method)
	at sun.reflect.NativeMethodAccessorImpl.invoke(NativeMethodAccessorImpl.java:62)
	at sun.reflect.DelegatingMethodAccessorImpl.invoke(DelegatingMethodAccessorImpl.java:43)
	at java.lang.reflect.Method.invoke(Method.java:498)
	at org.testng.internal.MethodInvocationHelper.invokeMethod(MethodInvocationHelper.java:85)
	at org.testng.internal.Invoker.invokeConfigurationMethod(Invoker.java:510)
	at org.testng.internal.Invoker.invokeConfigurations(Invoker.java:211)
	at org.testng.internal.Invoker.invokeConfigurations(Invoker.java:138)
	at org.testng.internal.TestMethodWorker.invokeAfterClassMethods(TestMethodWorker.java:220)
	at org.testng.internal.TestMethodWorker.run(TestMethodWorker.java:111)
	at org.testng.TestRunner.privateRun(TestRunner.java:774)
	at org.testng.TestRunner.run(TestRunner.java:624)
	at org.testng.SuiteRunner.runTest(SuiteRunner.java:359)
	at org.testng.SuiteRunner.runSequentially(SuiteRunner.java:354)
	at org.testng.SuiteRunner.privateRun(SuiteRunner.java:312)
	at org.testng.SuiteRunner.run(SuiteRunner.java:261)
	at org.testng.SuiteRunnerWorker.runSuite(SuiteRunnerWorker.java:52)
	at org.testng.SuiteRunnerWorker.run(SuiteRunnerWorker.java:86)
	at org.testng.TestNG.runSuitesSequentially(TestNG.java:1191)
	at org.testng.TestNG.runSuitesLocally(TestNG.java:1116)
	at org.testng.TestNG.run(TestNG.java:1024)
	at org.testng.remote.AbstractRemoteTestNG.run(AbstractRemoteTestNG.java:132)
	at org.testng.remote.RemoteTestNG.initAndRun(RemoteTestNG.java:230)
	at org.testng.remote.RemoteTestNG.main(RemoteTestNG.java:76)
Caused by: org.apache.http.conn.HttpHostConnectException: Connect to localhost:28692 [localhost/127.0.0.1, localhost/0:0:0:0:0:0:0:1] failed: Connection refused: connect
	at org.apache.http.impl.conn.DefaultHttpClientConnectionOperator.connect(DefaultHttpClientConnectionOperator.java:158)
	at org.apache.http.impl.conn.PoolingHttpClientConnectionManager.connect(PoolingHttpClientConnectionManager.java:353)
	at org.apache.http.impl.execchain.MainClientExec.establishRoute(MainClientExec.java:380)
	at org.apache.http.impl.execchain.MainClientExec.execute(MainClientExec.java:236)
	at org.apache.http.impl.execchain.ProtocolExec.execute(ProtocolExec.java:184)
	at org.apache.http.impl.execchain.RetryExec.execute(RetryExec.java:88)
	at org.apache.http.impl.execchain.RedirectExec.execute(RedirectExec.java:110)
	at org.apache.http.impl.client.InternalHttpClient.doExecute(InternalHttpClient.java:184)
	at org.apache.http.impl.client.CloseableHttpClient.execute(CloseableHttpClient.java:71)
	at org.apache.http.impl.client.CloseableHttpClient.execute(CloseableHttpClient.java:55)
	at org.openqa.selenium.remote.internal.ApacheHttpClient.fallBackExecute(ApacheHttpClient.java:142)
	at org.openqa.selenium.remote.internal.ApacheHttpClient.execute(ApacheHttpClient.java:88)
	at org.openqa.selenium.remote.HttpCommandExecutor.execute(HttpCommandExecutor.java:160)
	at org.openqa.selenium.remote.service.DriverCommandExecutor.execute(DriverCommandExecutor.java:82)
	... 28 more
Caused by: java.net.ConnectException: Connection refused: connect
	at java.net.DualStackPlainSocketImpl.waitForConnect(Native Method)
	at java.net.DualStackPlainSocketImpl.socketConnect(DualStackPlainSocketImpl.java:85)
	at java.net.AbstractPlainSocketImpl.doConnect(AbstractPlainSocketImpl.java:350)
	at java.net.AbstractPlainSocketImpl.connectToAddress(AbstractPlainSocketImpl.java:206)
	at java.net.AbstractPlainSocketImpl.connect(AbstractPlainSocketImpl.java:188)
	at java.net.PlainSocketImpl.connect(PlainSocketImpl.java:172)
	at java.net.SocksSocketImpl.connect(SocksSocketImpl.java:392)
	at java.net.Socket.connect(Socket.java:589)
	at org.apache.http.conn.socket.PlainConnectionSocketFactory.connectSocket(PlainConnectionSocketFactory.java:74)
	at org.apache.http.impl.conn.DefaultHttpClientConnectionOperator.connect(DefaultHttpClientConnectionOperator.java:141)
	... 41 more
]]>
            </full-stacktrace>
          </exception> <!-- org.openqa.selenium.WebDriverException -->
          <reporter-output>
          </reporter-output>
        </test-method> <!-- closeTest -->
      </class> <!-- testClass.ScriptForJenkins -->
    </test> <!-- Default test -->
  </suite> <!-- Default suite -->
</testng-results>
