<?xml version="1.0" encoding="UTF-8"?>
<!-- Generated by org.testng.reporters.JUnitXMLReporter -->
<testsuite hostname="bcslappy-Amar" name="Test" tests="9" failures="1" timestamp="18 Apr 2017 10:40:57 GMT" time="391.847" errors="0">
  <testcase name="home" time="8.71" classname="testClass.ScriptForJenkins"/>
  <testcase name="selectDate" time="3.195" classname="testClass.ScriptForJenkins"/>
  <testcase name="selectPAX" time="19.585" classname="testClass.ScriptForJenkins"/>
  <testcase name="searchFlight" time="16.651" classname="testClass.ScriptForJenkins"/>
  <testcase name="PAXInfo" time="13.72" classname="testClass.ScriptForJenkins"/>
  <testcase name="customersBaggage" time="3.237" classname="testClass.ScriptForJenkins"/>
  <testcase name="selectSeat" time="8.146" classname="testClass.ScriptForJenkins"/>
  <testcase name="tripExtras" time="5.126" classname="testClass.ScriptForJenkins">
    <failure type="java.lang.AssertionError" message="expected [CUSTOMERS] but found [YOU DECIDE WHAT TO ADD.]">
      <![CDATA[java.lang.AssertionError: expected [CUSTOMERS] but found [YOU DECIDE WHAT TO ADD.]
	at testClass.ScriptForJenkins.tripExtras(ScriptForJenkins.java:150)
... Removed 38 stack frames]]>
    </failure>
  </testcase> <!-- tripExtras -->
  <testcase name="carAndPayment" time="5.049" classname="testClass.ScriptForJenkins"/>
</testsuite> <!-- Test -->
